d:\study\comp_graph\directx\lab2\x64\debug\vc142.pdb
d:\study\comp_graph\directx\lab2\x64\debug\vc142.idb
d:\study\comp_graph\directx\lab2\x64\debug\rendering.obj
d:\study\comp_graph\directx\lab2\x64\debug\light.obj
d:\study\comp_graph\directx\lab2\x64\debug\lab2_dx11.obj
d:\study\comp_graph\directx\lab2\x64\debug\input.obj
d:\study\comp_graph\directx\lab2\x64\debug\hdr.obj
d:\study\comp_graph\directx\lab2\x64\debug\camera.obj
d:\study\comp_graph\directx\lab2\x64\debug\defaultvertexshader.cso
d:\study\comp_graph\directx\lab2\x64\debug\tonemapping.cso
d:\study\comp_graph\directx\lab2\x64\debug\vertexshader.cso
d:\study\comp_graph\directx\lab2\x64\debug\lab1_dx11.exe
d:\study\comp_graph\directx\lab2\x64\debug\lab1_dx11.ilk
d:\study\comp_graph\directx\lab2\x64\debug\lab1_dx11.pdb
d:\study\comp_graph\directx\lab2\x64\debug\lab2_dx11.res
d:\study\comp_graph\directx\lab2\x64\debug\lab1_dx11.tlog\cl.command.1.tlog
d:\study\comp_graph\directx\lab2\x64\debug\lab1_dx11.tlog\cl.read.1.tlog
d:\study\comp_graph\directx\lab2\x64\debug\lab1_dx11.tlog\cl.write.1.tlog
d:\study\comp_graph\directx\lab2\x64\debug\lab1_dx11.tlog\fxc.command.1.tlog
d:\study\comp_graph\directx\lab2\x64\debug\lab1_dx11.tlog\fxc.read.1.tlog
d:\study\comp_graph\directx\lab2\x64\debug\lab1_dx11.tlog\fxc.write.1.tlog
d:\study\comp_graph\directx\lab2\x64\debug\lab1_dx11.tlog\link.command.1.tlog
d:\study\comp_graph\directx\lab2\x64\debug\lab1_dx11.tlog\link.read.1.tlog
d:\study\comp_graph\directx\lab2\x64\debug\lab1_dx11.tlog\link.write.1.tlog
d:\study\comp_graph\directx\lab2\x64\debug\lab1_dx11.tlog\rc.command.1.tlog
d:\study\comp_graph\directx\lab2\x64\debug\lab1_dx11.tlog\rc.read.1.tlog
d:\study\comp_graph\directx\lab2\x64\debug\lab1_dx11.tlog\rc.write.1.tlog
