C:\Program Files\Microsoft Visual Studio\2022\Community\MSBuild\Microsoft\VC\v160\Microsoft.CppBuild.targets(513,5): warning MSB8028: промежуточный каталог (x64\Debug\) содержит файлы, которые используются совместно с другим проектом (lab2_dx11.vcxproj).  Это может привести к ошибкам очистки и перестроения.
  compilation object save succeeded; see C:\Users\KNS\Desktop\1\lab2\x64\Debug\defaultVertexShader.cso
  compilation object save succeeded; see C:\Users\KNS\Desktop\1\lab2\x64\Debug\ToneMapping.cso
  compilation object save succeeded; see C:\Users\KNS\Desktop\1\lab2\x64\Debug\vertexShader.cso
  camera.cpp
  hdr.cpp
  input.cpp
C:\Users\KNS\Desktop\1\lab2\input.cpp(9,11): warning C4101: point: неиспользованная локальная переменная
C:\Users\KNS\Desktop\1\lab2\input.cpp(59,38): warning C4244: аргумент: преобразование "LONG" в "float", возможна потеря данных
C:\Users\KNS\Desktop\1\lab2\input.cpp(58,38): warning C4244: аргумент: преобразование "LONG" в "float", возможна потеря данных
C:\Users\KNS\Desktop\1\lab2\input.cpp(73,18): warning C4244: инициализация: преобразование "LONG" в "float", возможна потеря данных
C:\Users\KNS\Desktop\1\lab2\input.cpp(74,18): warning C4244: инициализация: преобразование "LONG" в "float", возможна потеря данных
C:\Users\KNS\Desktop\1\lab2\input.cpp(75,21): warning C4838: Преобразование из "float" в "LONG" требует сужающего преобразования.
C:\Users\KNS\Desktop\1\lab2\input.cpp(75,21): warning C4244: инициализация: преобразование "float" в "LONG", возможна потеря данных
C:\Users\KNS\Desktop\1\lab2\input.cpp(75,29): warning C4838: Преобразование из "float" в "LONG" требует сужающего преобразования.
C:\Users\KNS\Desktop\1\lab2\input.cpp(75,29): warning C4244: инициализация: преобразование "float" в "LONG", возможна потеря данных
  lab1_dx11.cpp
c1xx : fatal error C1083: Не удается открыть файл источник: lab1_dx11.cpp: No such file or directory,
  light.cpp
  rendering.cpp
  Создание кода...
