  compilation object save succeeded; see C:\Users\kns_user\Desktop\DX\lab2\x64\Debug\defaultVertexShader.cso
  compilation object save succeeded; see C:\Users\kns_user\Desktop\DX\lab2\x64\Debug\ToneMapping.cso
  compilation object save succeeded; see C:\Users\kns_user\Desktop\DX\lab2\x64\Debug\vertexShader.cso
  camera.cpp
  hdr.cpp
  input.cpp
C:\Users\kns_user\Desktop\DX\lab2\input.cpp(9,11): warning C4101: point: неиспользованная локальная переменная
C:\Users\kns_user\Desktop\DX\lab2\input.cpp(59,38): warning C4244: аргумент: преобразование "LONG" в "float", возможна потеря данных
C:\Users\kns_user\Desktop\DX\lab2\input.cpp(58,38): warning C4244: аргумент: преобразование "LONG" в "float", возможна потеря данных
C:\Users\kns_user\Desktop\DX\lab2\input.cpp(73,18): warning C4244: инициализация: преобразование "LONG" в "float", возможна потеря данных
C:\Users\kns_user\Desktop\DX\lab2\input.cpp(74,18): warning C4244: инициализация: преобразование "LONG" в "float", возможна потеря данных
C:\Users\kns_user\Desktop\DX\lab2\input.cpp(75,21): warning C4838: Преобразование из "float" в "LONG" требует сужающего преобразования.
C:\Users\kns_user\Desktop\DX\lab2\input.cpp(75,21): warning C4244: инициализация: преобразование "float" в "LONG", возможна потеря данных
C:\Users\kns_user\Desktop\DX\lab2\input.cpp(75,29): warning C4838: Преобразование из "float" в "LONG" требует сужающего преобразования.
C:\Users\kns_user\Desktop\DX\lab2\input.cpp(75,29): warning C4244: инициализация: преобразование "float" в "LONG", возможна потеря данных
  lab2_dx11.cpp
  light.cpp
  rendering.cpp
  Создание кода...
  lab2_dx11.vcxproj -> C:\Users\kns_user\Desktop\DX\lab2\x64\Debug\lab1_dx11.exe
  Скопировано файлов:         1.
  Скопировано файлов:         1.
