d:\study\comp_graph\directx\lab2\x64\release\vc142.pdb
d:\study\comp_graph\directx\lab2\x64\release\rendering.obj
d:\study\comp_graph\directx\lab2\x64\release\light.obj
d:\study\comp_graph\directx\lab2\x64\release\lab2_dx11.obj
d:\study\comp_graph\directx\lab2\x64\release\input.obj
d:\study\comp_graph\directx\lab2\x64\release\hdr.obj
d:\study\comp_graph\directx\lab2\x64\release\camera.obj
d:\study\comp_graph\directx\lab2\x64\release\defaultvertexshader.cso
d:\study\comp_graph\directx\lab2\x64\release\tonemapping.cso
d:\study\comp_graph\directx\lab2\x64\release\vertexshader.cso
d:\study\comp_graph\directx\lab2\x64\release\lab1_dx11.ipdb
d:\study\comp_graph\directx\lab2\x64\release\lab1_dx11.iobj
d:\study\comp_graph\directx\lab2\x64\release\lab1_dx11.exe
d:\study\comp_graph\directx\lab2\x64\release\lab1_dx11.pdb
d:\study\comp_graph\directx\lab2\x64\release\lab2_dx11.res
d:\study\comp_graph\directx\lab2\x64\release\lab1_dx11.tlog\cl.command.1.tlog
d:\study\comp_graph\directx\lab2\x64\release\lab1_dx11.tlog\cl.read.1.tlog
d:\study\comp_graph\directx\lab2\x64\release\lab1_dx11.tlog\cl.write.1.tlog
d:\study\comp_graph\directx\lab2\x64\release\lab1_dx11.tlog\fxc.command.1.tlog
d:\study\comp_graph\directx\lab2\x64\release\lab1_dx11.tlog\fxc.read.1.tlog
d:\study\comp_graph\directx\lab2\x64\release\lab1_dx11.tlog\fxc.write.1.tlog
d:\study\comp_graph\directx\lab2\x64\release\lab1_dx11.tlog\lab1_dx11.write.1u.tlog
d:\study\comp_graph\directx\lab2\x64\release\lab1_dx11.tlog\link.command.1.tlog
d:\study\comp_graph\directx\lab2\x64\release\lab1_dx11.tlog\link.read.1.tlog
d:\study\comp_graph\directx\lab2\x64\release\lab1_dx11.tlog\link.write.1.tlog
d:\study\comp_graph\directx\lab2\x64\release\lab1_dx11.tlog\rc.command.1.tlog
d:\study\comp_graph\directx\lab2\x64\release\lab1_dx11.tlog\rc.read.1.tlog
d:\study\comp_graph\directx\lab2\x64\release\lab1_dx11.tlog\rc.write.1.tlog
